09:38:07 **** Incremental Build of configuration Debug for project f103_IWDG ****
make -j8 all 
arm-none-eabi-gcc "../Drivers/STM32F1xx_HAL_Driver/Src/stm32f1xx_hal.c" -mcpu=cortex-m3 -g3 -DDEBUG -DUSE_HAL_DRIVER -DSTM32F103xB -c -I../Core/Inc -I../Drivers/STM32F1xx_HAL_Driver/Inc -I../Drivers/STM32F1xx_HAL_Driver/Inc/Legacy -I../Drivers/CMSIS/Device/ST/STM32F1xx/Include -I../Drivers/CMSIS/Include -O0 -ffunction-sections -fdata-sections -Wall -fstack-usage -MMD -MP -MF"Drivers/STM32F1xx_HAL_Driver/Src/stm32f1xx_hal.d" -MT"Drivers/STM32F1xx_HAL_Driver/Src/stm32f1xx_hal.o" --specs=nano.specs -mfloat-abi=soft -mthumb -o "Drivers/STM32F1xx_HAL_Driver/Src/stm32f1xx_hal.o"
arm-none-eabi-gcc "../Drivers/STM32F1xx_HAL_Driver/Src/stm32f1xx_hal_cortex.c" -mcpu=cortex-m3 -g3 -DDEBUG -DUSE_HAL_DRIVER -DSTM32F103xB -c -I../Core/Inc -I../Drivers/STM32F1xx_HAL_Driver/Inc -I../Drivers/STM32F1xx_HAL_Driver/Inc/Legacy -I../Drivers/CMSIS/Device/ST/STM32F1xx/Include -I../Drivers/CMSIS/Include -O0 -ffunction-sections -fdata-sections -Wall -fstack-usage -MMD -MP -MF"Drivers/STM32F1xx_HAL_Driver/Src/stm32f1xx_hal_cortex.d" -MT"Drivers/STM32F1xx_HAL_Driver/Src/stm32f1xx_hal_cortex.o" --specs=nano.specs -mfloat-abi=soft -mthumb -o "Drivers/STM32F1xx_HAL_Driver/Src/stm32f1xx_hal_cortex.o"
arm-none-eabi-gcc "../Drivers/STM32F1xx_HAL_Driver/Src/stm32f1xx_hal_dma.c" -mcpu=cortex-m3 -g3 -DDEBUG -DUSE_HAL_DRIVER -DSTM32F103xB -c -I../Core/Inc -I../Drivers/STM32F1xx_HAL_Driver/Inc -I../Drivers/STM32F1xx_HAL_Driver/Inc/Legacy -I../Drivers/CMSIS/Device/ST/STM32F1xx/Include -I../Drivers/CMSIS/Include -O0 -ffunction-sections -fdata-sections -Wall -fstack-usage -MMD -MP -MF"Drivers/STM32F1xx_HAL_Driver/Src/stm32f1xx_hal_dma.d" -MT"Drivers/STM32F1xx_HAL_Driver/Src/stm32f1xx_hal_dma.o" --specs=nano.specs -mfloat-abi=soft -mthumb -o "Drivers/STM32F1xx_HAL_Driver/Src/stm32f1xx_hal_dma.o"
arm-none-eabi-gcc "../Drivers/STM32F1xx_HAL_Driver/Src/stm32f1xx_hal_exti.c" -mcpu=cortex-m3 -g3 -DDEBUG -DUSE_HAL_DRIVER -DSTM32F103xB -c -I../Core/Inc -I../Drivers/STM32F1xx_HAL_Driver/Inc -I../Drivers/STM32F1xx_HAL_Driver/Inc/Legacy -I../Drivers/CMSIS/Device/ST/STM32F1xx/Include -I../Drivers/CMSIS/Include -O0 -ffunction-sections -fdata-sections -Wall -fstack-usage -MMD -MP -MF"Drivers/STM32F1xx_HAL_Driver/Src/stm32f1xx_hal_exti.d" -MT"Drivers/STM32F1xx_HAL_Driver/Src/stm32f1xx_hal_exti.o" --specs=nano.specs -mfloat-abi=soft -mthumb -o "Drivers/STM32F1xx_HAL_Driver/Src/stm32f1xx_hal_exti.o"
arm-none-eabi-gcc "../Drivers/STM32F1xx_HAL_Driver/Src/stm32f1xx_hal_flash.c" -mcpu=cortex-m3 -g3 -DDEBUG -DUSE_HAL_DRIVER -DSTM32F103xB -c -I../Core/Inc -I../Drivers/STM32F1xx_HAL_Driver/Inc -I../Drivers/STM32F1xx_HAL_Driver/Inc/Legacy -I../Drivers/CMSIS/Device/ST/STM32F1xx/Include -I../Drivers/CMSIS/Include -O0 -ffunction-sections -fdata-sections -Wall -fstack-usage -MMD -MP -MF"Drivers/STM32F1xx_HAL_Driver/Src/stm32f1xx_hal_flash.d" -MT"Drivers/STM32F1xx_HAL_Driver/Src/stm32f1xx_hal_flash.o" --specs=nano.specs -mfloat-abi=soft -mthumb -o "Drivers/STM32F1xx_HAL_Driver/Src/stm32f1xx_hal_flash.o"
arm-none-eabi-gcc "../Drivers/STM32F1xx_HAL_Driver/Src/stm32f1xx_hal_flash_ex.c" -mcpu=cortex-m3 -g3 -DDEBUG -DUSE_HAL_DRIVER -DSTM32F103xB -c -I../Core/Inc -I../Drivers/STM32F1xx_HAL_Driver/Inc -I../Drivers/STM32F1xx_HAL_Driver/Inc/Legacy -I../Drivers/CMSIS/Device/ST/STM32F1xx/Include -I../Drivers/CMSIS/Include -O0 -ffunction-sections -fdata-sections -Wall -fstack-usage -MMD -MP -MF"Drivers/STM32F1xx_HAL_Driver/Src/stm32f1xx_hal_flash_ex.d" -MT"Drivers/STM32F1xx_HAL_Driver/Src/stm32f1xx_hal_flash_ex.o" --specs=nano.specs -mfloat-abi=soft -mthumb -o "Drivers/STM32F1xx_HAL_Driver/Src/stm32f1xx_hal_flash_ex.o"
arm-none-eabi-gcc "../Drivers/STM32F1xx_HAL_Driver/Src/stm32f1xx_hal_gpio.c" -mcpu=cortex-m3 -g3 -DDEBUG -DUSE_HAL_DRIVER -DSTM32F103xB -c -I../Core/Inc -I../Drivers/STM32F1xx_HAL_Driver/Inc -I../Drivers/STM32F1xx_HAL_Driver/Inc/Legacy -I../Drivers/CMSIS/Device/ST/STM32F1xx/Include -I../Drivers/CMSIS/Include -O0 -ffunction-sections -fdata-sections -Wall -fstack-usage -MMD -MP -MF"Drivers/STM32F1xx_HAL_Driver/Src/stm32f1xx_hal_gpio.d" -MT"Drivers/STM32F1xx_HAL_Driver/Src/stm32f1xx_hal_gpio.o" --specs=nano.specs -mfloat-abi=soft -mthumb -o "Drivers/STM32F1xx_HAL_Driver/Src/stm32f1xx_hal_gpio.o"
arm-none-eabi-gcc "../Drivers/STM32F1xx_HAL_Driver/Src/stm32f1xx_hal_gpio_ex.c" -mcpu=cortex-m3 -g3 -DDEBUG -DUSE_HAL_DRIVER -DSTM32F103xB -c -I../Core/Inc -I../Drivers/STM32F1xx_HAL_Driver/Inc -I../Drivers/STM32F1xx_HAL_Driver/Inc/Legacy -I../Drivers/CMSIS/Device/ST/STM32F1xx/Include -I../Drivers/CMSIS/Include -O0 -ffunction-sections -fdata-sections -Wall -fstack-usage -MMD -MP -MF"Drivers/STM32F1xx_HAL_Driver/Src/stm32f1xx_hal_gpio_ex.d" -MT"Drivers/STM32F1xx_HAL_Driver/Src/stm32f1xx_hal_gpio_ex.o" --specs=nano.specs -mfloat-abi=soft -mthumb -o "Drivers/STM32F1xx_HAL_Driver/Src/stm32f1xx_hal_gpio_ex.o"
In file included from ../Drivers/STM32F1xx_HAL_Driver/Src/stm32f1xx_hal.c:36:
../Drivers/STM32F1xx_HAL_Driver/Inc/stm32f1xx_hal.h:30:10: fatal error: stm32f1xx_hal_conf.h: No such file or directory
   30 | #include "stm32f1xx_hal_conf.h"
      |          ^~~~~~~~~~~~~~~~~~~~~~
compilation terminated.
In file included from ../Drivers/STM32F1xx_HAL_Driver/Src/stm32f1xx_hal_cortex.c:83:
../Drivers/STM32F1xx_HAL_Driver/Inc/stm32f1xx_hal.h:30:10: fatal error: stm32f1xx_hal_conf.h: No such file or directory
   30 | #include "stm32f1xx_hal_conf.h"
      |          ^~~~~~~~~~~~~~~~~~~~~~
compilation terminated.
In file included from ../Drivers/STM32F1xx_HAL_Driver/Src/stm32f1xx_hal_dma.c:85:
../Drivers/STM32F1xx_HAL_Driver/Inc/stm32f1xx_hal.h:30:10: fatal error: stm32f1xx_hal_conf.h: No such file or directory
   30 | #include "stm32f1xx_hal_conf.h"
      |          ^~~~~~~~~~~~~~~~~~~~~~
compilation terminated.
In file included from ../Drivers/STM32F1xx_HAL_Driver/Src/stm32f1xx_hal_flash.c:85:
../Drivers/STM32F1xx_HAL_Driver/Inc/stm32f1xx_hal.h:30:10: fatal error: stm32f1xx_hal_conf.h: No such file or directory
   30 | #include "stm32f1xx_hal_conf.h"
      |          ^~~~~~~~~~~~~~~~~~~~~~
compilation terminated.
In file included from ../Drivers/STM32F1xx_HAL_Driver/Src/stm32f1xx_hal_gpio_ex.c:40:
../Drivers/STM32F1xx_HAL_Driver/Inc/stm32f1xx_hal.h:30:10: fatal error: stm32f1xx_hal_conf.h: No such file or directory
   30 | #include "stm32f1xx_hal_conf.h"
      |          ^~~~~~~~~~~~~~~~~~~~~~
compilation terminated.
In file included from ../Drivers/STM32F1xx_HAL_Driver/Src/stm32f1xx_hal_exti.c:87:
../Drivers/STM32F1xx_HAL_Driver/Inc/stm32f1xx_hal.h:30:10: fatal error: stm32f1xx_hal_conf.h: No such file or directory
   30 | #include "stm32f1xx_hal_conf.h"
      |          ^~~~~~~~~~~~~~~~~~~~~~
compilation terminated.
make: *** [Drivers/STM32F1xx_HAL_Driver/Src/subdir.mk:61: Drivers/STM32F1xx_HAL_Driver/Src/stm32f1xx_hal.o] Error 1
make: *** Waiting for unfinished jobs....
make: *** [Drivers/STM32F1xx_HAL_Driver/Src/subdir.mk:63: Drivers/STM32F1xx_HAL_Driver/Src/stm32f1xx_hal_cortex.o] Error 1
make: *** [Drivers/STM32F1xx_HAL_Driver/Src/subdir.mk:65: Drivers/STM32F1xx_HAL_Driver/Src/stm32f1xx_hal_dma.o] Error 1
make: *** [Drivers/STM32F1xx_HAL_Driver/Src/subdir.mk:75: Drivers/STM32F1xx_HAL_Driver/Src/stm32f1xx_hal_gpio_ex.o] Error 1
make: *** [Drivers/STM32F1xx_HAL_Driver/Src/subdir.mk:69: Drivers/STM32F1xx_HAL_Driver/Src/stm32f1xx_hal_flash.o] Error 1
make: *** [Drivers/STM32F1xx_HAL_Driver/Src/subdir.mk:67: Drivers/STM32F1xx_HAL_Driver/Src/stm32f1xx_hal_exti.o] Error 1
In file included from ../Drivers/STM32F1xx_HAL_Driver/Src/stm32f1xx_hal_gpio.c:105:
../Drivers/STM32F1xx_HAL_Driver/Inc/stm32f1xx_hal.h:30:10: fatal error: stm32f1xx_hal_conf.h: No such file or directory
   30 | #include "stm32f1xx_hal_conf.h"
      |          ^~~~~~~~~~~~~~~~~~~~~~
compilation terminated.
make: *** [Drivers/STM32F1xx_HAL_Driver/Src/subdir.mk:73: Drivers/STM32F1xx_HAL_Driver/Src/stm32f1xx_hal_gpio.o] Error 1
In file included from ../Drivers/STM32F1xx_HAL_Driver/Src/stm32f1xx_hal_flash_ex.c:43:
../Drivers/STM32F1xx_HAL_Driver/Inc/stm32f1xx_hal.h:30:10: fatal error: stm32f1xx_hal_conf.h: No such file or directory
   30 | #include "stm32f1xx_hal_conf.h"
      |          ^~~~~~~~~~~~~~~~~~~~~~
compilation terminated.
make: *** [Drivers/STM32F1xx_HAL_Driver/Src/subdir.mk:71: Drivers/STM32F1xx_HAL_Driver/Src/stm32f1xx_hal_flash_ex.o] Error 1
"make -j8 all" terminated with exit code 2. Build might be incomplete.

09:38:08 Build Failed. 17 errors, 0 warnings. (took 558ms)

