15:42:03 **** Build of configuration Debug for project HRTIM_Basic_SinglePWM ****
make -j8 all 
arm-none-eabi-gcc "C:/Users/Пользователь/STM32Cube/Repository/STM32Cube_FW_G4_V1.4.0/Drivers/STM32G4xx_HAL_Driver/Src/stm32g4xx_hal.c" -mcpu=cortex-m4 -std=gnu11 -g3 -DUSE_HAL_DRIVER -DSTM32G474xx -DUSE_NUCLEO_64 -DDEBUG -c -I../../../../../../../Drivers/CMSIS/Device/ST/STM32G4xx/Include -I../../../../../../../Drivers/STM32G4xx_HAL_Driver/Inc/Legacy -I../../Inc -I../../../../../../../Drivers/STM32G4xx_HAL_Driver/Inc -I../../../../../../../Drivers/BSP/STM32G4xx_Nucleo -I../../../../../../../Drivers/CMSIS/Include -O0 -ffunction-sections -fdata-sections -Wall -fstack-usage -MMD -MP -MF"Drivers/STM32G4xx_HAL_Driver/stm32g4xx_hal.d" -MT"Drivers/STM32G4xx_HAL_Driver/stm32g4xx_hal.o" --specs=nano.specs -mfpu=fpv4-sp-d16 -mfloat-abi=hard -mthumb -o "Drivers/STM32G4xx_HAL_Driver/stm32g4xx_hal.o"
arm-none-eabi-gcc "C:/Users/Пользователь/STM32Cube/Repository/STM32Cube_FW_G4_V1.4.0/Drivers/STM32G4xx_HAL_Driver/Src/stm32g4xx_hal_cortex.c" -mcpu=cortex-m4 -std=gnu11 -g3 -DUSE_HAL_DRIVER -DSTM32G474xx -DUSE_NUCLEO_64 -DDEBUG -c -I../../../../../../../Drivers/CMSIS/Device/ST/STM32G4xx/Include -I../../../../../../../Drivers/STM32G4xx_HAL_Driver/Inc/Legacy -I../../Inc -I../../../../../../../Drivers/STM32G4xx_HAL_Driver/Inc -I../../../../../../../Drivers/BSP/STM32G4xx_Nucleo -I../../../../../../../Drivers/CMSIS/Include -O0 -ffunction-sections -fdata-sections -Wall -fstack-usage -MMD -MP -MF"Drivers/STM32G4xx_HAL_Driver/stm32g4xx_hal_cortex.d" -MT"Drivers/STM32G4xx_HAL_Driver/stm32g4xx_hal_cortex.o" --specs=nano.specs -mfpu=fpv4-sp-d16 -mfloat-abi=hard -mthumb -o "Drivers/STM32G4xx_HAL_Driver/stm32g4xx_hal_cortex.o"
arm-none-eabi-gcc "C:/Users/Пользователь/STM32Cube/Repository/STM32Cube_FW_G4_V1.4.0/Drivers/STM32G4xx_HAL_Driver/Src/stm32g4xx_hal_dma.c" -mcpu=cortex-m4 -std=gnu11 -g3 -DUSE_HAL_DRIVER -DSTM32G474xx -DUSE_NUCLEO_64 -DDEBUG -c -I../../../../../../../Drivers/CMSIS/Device/ST/STM32G4xx/Include -I../../../../../../../Drivers/STM32G4xx_HAL_Driver/Inc/Legacy -I../../Inc -I../../../../../../../Drivers/STM32G4xx_HAL_Driver/Inc -I../../../../../../../Drivers/BSP/STM32G4xx_Nucleo -I../../../../../../../Drivers/CMSIS/Include -O0 -ffunction-sections -fdata-sections -Wall -fstack-usage -MMD -MP -MF"Drivers/STM32G4xx_HAL_Driver/stm32g4xx_hal_dma.d" -MT"Drivers/STM32G4xx_HAL_Driver/stm32g4xx_hal_dma.o" --specs=nano.specs -mfpu=fpv4-sp-d16 -mfloat-abi=hard -mthumb -o "Drivers/STM32G4xx_HAL_Driver/stm32g4xx_hal_dma.o"
arm-none-eabi-gcc "C:/Users/Пользователь/STM32Cube/Repository/STM32Cube_FW_G4_V1.4.0/Drivers/STM32G4xx_HAL_Driver/Src/stm32g4xx_hal_dma_ex.c" -mcpu=cortex-m4 -std=gnu11 -g3 -DUSE_HAL_DRIVER -DSTM32G474xx -DUSE_NUCLEO_64 -DDEBUG -c -I../../../../../../../Drivers/CMSIS/Device/ST/STM32G4xx/Include -I../../../../../../../Drivers/STM32G4xx_HAL_Driver/Inc/Legacy -I../../Inc -I../../../../../../../Drivers/STM32G4xx_HAL_Driver/Inc -I../../../../../../../Drivers/BSP/STM32G4xx_Nucleo -I../../../../../../../Drivers/CMSIS/Include -O0 -ffunction-sections -fdata-sections -Wall -fstack-usage -MMD -MP -MF"Drivers/STM32G4xx_HAL_Driver/stm32g4xx_hal_dma_ex.d" -MT"Drivers/STM32G4xx_HAL_Driver/stm32g4xx_hal_dma_ex.o" --specs=nano.specs -mfpu=fpv4-sp-d16 -mfloat-abi=hard -mthumb -o "Drivers/STM32G4xx_HAL_Driver/stm32g4xx_hal_dma_ex.o"
arm-none-eabi-gcc "C:/Users/Пользователь/STM32Cube/Repository/STM32Cube_FW_G4_V1.4.0/Drivers/STM32G4xx_HAL_Driver/Src/stm32g4xx_hal_exti.c" -mcpu=cortex-m4 -std=gnu11 -g3 -DUSE_HAL_DRIVER -DSTM32G474xx -DUSE_NUCLEO_64 -DDEBUG -c -I../../../../../../../Drivers/CMSIS/Device/ST/STM32G4xx/Include -I../../../../../../../Drivers/STM32G4xx_HAL_Driver/Inc/Legacy -I../../Inc -I../../../../../../../Drivers/STM32G4xx_HAL_Driver/Inc -I../../../../../../../Drivers/BSP/STM32G4xx_Nucleo -I../../../../../../../Drivers/CMSIS/Include -O0 -ffunction-sections -fdata-sections -Wall -fstack-usage -MMD -MP -MF"Drivers/STM32G4xx_HAL_Driver/stm32g4xx_hal_exti.d" -MT"Drivers/STM32G4xx_HAL_Driver/stm32g4xx_hal_exti.o" --specs=nano.specs -mfpu=fpv4-sp-d16 -mfloat-abi=hard -mthumb -o "Drivers/STM32G4xx_HAL_Driver/stm32g4xx_hal_exti.o"
arm-none-eabi-gcc "C:/Users/Пользователь/STM32Cube/Repository/STM32Cube_FW_G4_V1.4.0/Drivers/STM32G4xx_HAL_Driver/Src/stm32g4xx_hal_flash.c" -mcpu=cortex-m4 -std=gnu11 -g3 -DUSE_HAL_DRIVER -DSTM32G474xx -DUSE_NUCLEO_64 -DDEBUG -c -I../../../../../../../Drivers/CMSIS/Device/ST/STM32G4xx/Include -I../../../../../../../Drivers/STM32G4xx_HAL_Driver/Inc/Legacy -I../../Inc -I../../../../../../../Drivers/STM32G4xx_HAL_Driver/Inc -I../../../../../../../Drivers/BSP/STM32G4xx_Nucleo -I../../../../../../../Drivers/CMSIS/Include -O0 -ffunction-sections -fdata-sections -Wall -fstack-usage -MMD -MP -MF"Drivers/STM32G4xx_HAL_Driver/stm32g4xx_hal_flash.d" -MT"Drivers/STM32G4xx_HAL_Driver/stm32g4xx_hal_flash.o" --specs=nano.specs -mfpu=fpv4-sp-d16 -mfloat-abi=hard -mthumb -o "Drivers/STM32G4xx_HAL_Driver/stm32g4xx_hal_flash.o"
arm-none-eabi-gcc "C:/Users/Пользователь/STM32Cube/Repository/STM32Cube_FW_G4_V1.4.0/Drivers/STM32G4xx_HAL_Driver/Src/stm32g4xx_hal_flash_ex.c" -mcpu=cortex-m4 -std=gnu11 -g3 -DUSE_HAL_DRIVER -DSTM32G474xx -DUSE_NUCLEO_64 -DDEBUG -c -I../../../../../../../Drivers/CMSIS/Device/ST/STM32G4xx/Include -I../../../../../../../Drivers/STM32G4xx_HAL_Driver/Inc/Legacy -I../../Inc -I../../../../../../../Drivers/STM32G4xx_HAL_Driver/Inc -I../../../../../../../Drivers/BSP/STM32G4xx_Nucleo -I../../../../../../../Drivers/CMSIS/Include -O0 -ffunction-sections -fdata-sections -Wall -fstack-usage -MMD -MP -MF"Drivers/STM32G4xx_HAL_Driver/stm32g4xx_hal_flash_ex.d" -MT"Drivers/STM32G4xx_HAL_Driver/stm32g4xx_hal_flash_ex.o" --specs=nano.specs -mfpu=fpv4-sp-d16 -mfloat-abi=hard -mthumb -o "Drivers/STM32G4xx_HAL_Driver/stm32g4xx_hal_flash_ex.o"
arm-none-eabi-gcc "C:/Users/Пользователь/STM32Cube/Repository/STM32Cube_FW_G4_V1.4.0/Drivers/STM32G4xx_HAL_Driver/Src/stm32g4xx_hal_flash_ramfunc.c" -mcpu=cortex-m4 -std=gnu11 -g3 -DUSE_HAL_DRIVER -DSTM32G474xx -DUSE_NUCLEO_64 -DDEBUG -c -I../../../../../../../Drivers/CMSIS/Device/ST/STM32G4xx/Include -I../../../../../../../Drivers/STM32G4xx_HAL_Driver/Inc/Legacy -I../../Inc -I../../../../../../../Drivers/STM32G4xx_HAL_Driver/Inc -I../../../../../../../Drivers/BSP/STM32G4xx_Nucleo -I../../../../../../../Drivers/CMSIS/Include -O0 -ffunction-sections -fdata-sections -Wall -fstack-usage -MMD -MP -MF"Drivers/STM32G4xx_HAL_Driver/stm32g4xx_hal_flash_ramfunc.d" -MT"Drivers/STM32G4xx_HAL_Driver/stm32g4xx_hal_flash_ramfunc.o" --specs=nano.specs -mfpu=fpv4-sp-d16 -mfloat-abi=hard -mthumb -o "Drivers/STM32G4xx_HAL_Driver/stm32g4xx_hal_flash_ramfunc.o"
arm-none-eabi-gcc: error: C:/Users/????????????????????????/STM32Cube/Repository/STM32Cube_FW_G4_V1.4.0/Drivers/STM32G4xx_HAL_Driver/Src/stm32g4xx_hal.c: Invalid argument
arm-none-eabi-gcc: fatal error: no input files
compilation terminated.
arm-none-eabi-gcc: error: C:/Users/????????????????????????/STM32Cube/Repository/STM32Cube_FW_G4_V1.4.0/Drivers/STM32G4xx_HAL_Driver/Src/stm32g4xx_hal_dma.c: Invalid argument
arm-none-eabi-gcc: fatal error: no input files
compilation terminated.
arm-none-eabi-gcc: error: C:/Users/????????????????????????/STM32Cube/Repository/STM32Cube_FW_G4_V1.4.0/Drivers/STM32G4xx_HAL_Driver/Src/stm32g4xx_hal_cortex.c: Invalid argument
arm-none-eabi-gcc: fatal error: no input files
compilation terminated.
arm-none-eabi-gcc: error: C:/Users/????????????????????????/STM32Cube/Repository/STM32Cube_FW_G4_V1.4.0/Drivers/STM32G4xx_HAL_Driver/Src/stm32g4xx_hal_exti.c: Invalid argument
arm-none-eabi-gcc: error: C:/Users/????????????????????????/STM32Cube/Repository/STM32Cube_FW_G4_V1.4.0/Drivers/STM32G4xx_HAL_Driver/Src/stm32g4xx_hal_flash.c: Invalid argument
arm-none-eabi-gcc: fatal error: no input files
compilation terminated.
arm-none-eabi-gcc: fatal error: no input files
compilation terminated.
arm-none-eabi-gcc: error: C:/Users/????????????????????????/STM32Cube/Repository/STM32Cube_FW_G4_V1.4.0/Drivers/STM32G4xx_HAL_Driver/Src/stm32g4xx_hal_dma_ex.c: Invalid argument
arm-none-eabi-gcc: fatal error: no input files
compilation terminated.
make: *** [Drivers/STM32G4xx_HAL_Driver/subdir.mk:77: Drivers/STM32G4xx_HAL_Driver/stm32g4xx_hal_dma.o] Error 1
make: *** Waiting for unfinished jobs....
make: *** [Drivers/STM32G4xx_HAL_Driver/subdir.mk:75: Drivers/STM32G4xx_HAL_Driver/stm32g4xx_hal_cortex.o] Error 1
make: *** [Drivers/STM32G4xx_HAL_Driver/subdir.mk:73: Drivers/STM32G4xx_HAL_Driver/stm32g4xx_hal.o] Error 1
arm-none-eabi-gcc: error: C:/Users/????????????????????????/STM32Cube/Repository/STM32Cube_FW_G4_V1.4.0/Drivers/STM32G4xx_HAL_Driver/Src/stm32g4xx_hal_flash_ramfunc.c: Invalid argument
make: *** [Drivers/STM32G4xx_HAL_Driver/subdir.mk:83: Drivers/STM32G4xx_HAL_Driver/stm32g4xx_hal_flash.o] Error 1
arm-none-eabi-gcc: fatal error: no input files
make: *** [Drivers/STM32G4xx_HAL_Driver/subdir.mk:79: Drivers/STM32G4xx_HAL_Driver/stm32g4xx_hal_dma_ex.o] Error 1
compilation terminated.
make: *** [Drivers/STM32G4xx_HAL_Driver/subdir.mk:81: Drivers/STM32G4xx_HAL_Driver/stm32g4xx_hal_exti.o] Error 1
make: *** [Drivers/STM32G4xx_HAL_Driver/subdir.mk:87: Drivers/STM32G4xx_HAL_Driver/stm32g4xx_hal_flash_ramfunc.o] Error 1
arm-none-eabi-gcc: error: C:/Users/????????????????????????/STM32Cube/Repository/STM32Cube_FW_G4_V1.4.0/Drivers/STM32G4xx_HAL_Driver/Src/stm32g4xx_hal_flash_ex.c: Invalid argument
arm-none-eabi-gcc: fatal error: no input files
compilation terminated.
make: *** [Drivers/STM32G4xx_HAL_Driver/subdir.mk:85: Drivers/STM32G4xx_HAL_Driver/stm32g4xx_hal_flash_ex.o] Error 1
"make -j8 all" terminated with exit code 2. Build might be incomplete.
